<?xml version="1.0" encoding="UTF-8"?>
<testsuite name="testing.UserTestSuite" tests="2" skipped="0" failures="0" errors="0" timestamp="2020-08-31T10:19:07" hostname="DESKTOP-4CJ5UDI" time="0.002">
  <properties/>
  <testcase name="testGetRealName" classname="testing.UserTestSuite" time="0.001"/>
  <testcase name="testGetUserName" classname="testing.UserTestSuite" time="0.0"/>
  <system-out><![CDATA[User Test Suite starts now!
Testing Case: 
Testing .getRealName method...
Testing Case Ended.
Testing Case: 
Testing .getUsername method...
Testing Case Ended.
User Test Suite ends now!
]]></system-out>
  <system-err><![CDATA[]]></system-err>
</testsuite>
