<?xml version="1.0" encoding="UTF-8"?>
<testsuite name="stream.forum.ForumTestSuite" tests="1" skipped="0" failures="0" errors="0" timestamp="2020-08-31T22:27:09" hostname="DESKTOP-4CJ5UDI" time="0.02">
  <properties/>
  <testcase name="testGetLocationInception" classname="stream.forum.ForumTestSuite" time="0.02"/>
  <system-out><![CDATA[]]></system-out>
  <system-err><![CDATA[]]></system-err>
</testsuite>
